0 info it worked if it ends with ok
1 verbose cli [ 'C:\\Program Files\\nodejs\\node.exe',
1 verbose cli   'C:\\Program Files\\nodejs\\node_modules\\npm\\bin\\npm-cli.js',
1 verbose cli   'start' ]
2 info using npm@3.10.10
3 info using node@v7.2.1
4 verbose run-script [ 'prestart', 'start', 'poststart' ]
5 info lifecycle webpack@1.0.0~prestart: webpack@1.0.0
6 silly lifecycle webpack@1.0.0~prestart: no script for prestart, continuing
7 info lifecycle webpack@1.0.0~start: webpack@1.0.0
8 verbose lifecycle webpack@1.0.0~start: unsafe-perm in lifecycle true
9 verbose lifecycle webpack@1.0.0~start: PATH: C:\Program Files\nodejs\node_modules\npm\bin\node-gyp-bin;D:\git\amms-h5\node_modules\.bin;%JAVA_HOME%\bin;C:\ProgramData\Oracle\Java\javapath;C:\Program Files (x86)\Intel\iCLS Client\;C:\Program Files\Intel\iCLS Client\;C:\WINDOWS\system32;C:\WINDOWS;C:\WINDOWS\System32\Wbem;C:\WINDOWS\System32\WindowsPowerShell\v1.0\;C:\Program Files\Intel\Intel(R) Management Engine Components\DAL;C:\Program Files\Intel\Intel(R) Management Engine Components\IPT;C:\Program Files (x86)\Intel\Intel(R) Management Engine Components\DAL;C:\Program Files (x86)\Intel\Intel(R) Management Engine Components\IPT;C:\Program Files (x86)\NVIDIA Corporation\PhysX\Common;C:\Program Files\TortoiseSVN\bin;C:\WINDOWS\system32;C:\WINDOWS;C:\WINDOWS\System32\Wbem;C:\WINDOWS\System32\WindowsPowerShell\v1.0\;C:\Program Files\nodejs\;C:\Program Files\Git\cmd;D:\apache-tomcat-8.0.33\lib;D:\apache-tomcat-8.0.33\bin;D:\maven\bin;D:\MongoDB\bin;C:\Users\juice\AppData\Local\Microsoft\WindowsApps;C:\Users\juice\AppData\Roaming\npm;D:\mysoft\Microsoft VS Code\bin
10 verbose lifecycle webpack@1.0.0~start: CWD: D:\git\amms-h5
11 silly lifecycle webpack@1.0.0~start: Args: [ '/d /s /c',
11 silly lifecycle   'cross-env NODE_ENV=development npm run dll && webpack-dev-server' ]
12 silly lifecycle webpack@1.0.0~start: Returned: code: 3221225786  signal: null
13 info lifecycle webpack@1.0.0~start: Failed to exec start script
14 verbose stack Error: webpack@1.0.0 start: `cross-env NODE_ENV=development npm run dll && webpack-dev-server`
14 verbose stack Exit status 3221225786
14 verbose stack     at EventEmitter.<anonymous> (C:\Program Files\nodejs\node_modules\npm\lib\utils\lifecycle.js:255:16)
14 verbose stack     at emitTwo (events.js:106:13)
14 verbose stack     at EventEmitter.emit (events.js:191:7)
14 verbose stack     at ChildProcess.<anonymous> (C:\Program Files\nodejs\node_modules\npm\lib\utils\spawn.js:40:14)
14 verbose stack     at emitTwo (events.js:106:13)
14 verbose stack     at ChildProcess.emit (events.js:191:7)
14 verbose stack     at maybeClose (internal/child_process.js:885:16)
14 verbose stack     at Process.ChildProcess._handle.onexit (internal/child_process.js:226:5)
15 verbose pkgid webpack@1.0.0
16 verbose cwd D:\git\amms-h5
17 error Windows_NT 10.0.14393
18 error argv "C:\\Program Files\\nodejs\\node.exe" "C:\\Program Files\\nodejs\\node_modules\\npm\\bin\\npm-cli.js" "start"
19 error node v7.2.1
20 error npm  v3.10.10
21 error code ELIFECYCLE
22 error webpack@1.0.0 start: `cross-env NODE_ENV=development npm run dll && webpack-dev-server`
22 error Exit status 3221225786
23 error Failed at the webpack@1.0.0 start script 'cross-env NODE_ENV=development npm run dll && webpack-dev-server'.
23 error Make sure you have the latest version of node.js and npm installed.
23 error If you do, this is most likely a problem with the webpack package,
23 error not with npm itself.
23 error Tell the author that this fails on your system:
23 error     cross-env NODE_ENV=development npm run dll && webpack-dev-server
23 error You can get information on how to open an issue for this project with:
23 error     npm bugs webpack
23 error Or if that isn't available, you can get their info via:
23 error     npm owner ls webpack
23 error There is likely additional logging output above.
24 verbose exit [ 1, true ]
